
Hierarchical N-body code (theta scan)

   nbody     dtime       eps     theta   usequad     dtout     tstop
    5000   1.00000    0.1000      0.10     false   1.00000   40.0000

	   rsize  tdepth   ftree  actmax    nbbtot    nbctot   CPUfc
	   512.0      13   3.025    7227  18008652   2213963   0.004

       |T+U|        T       -U
    473.13638 490.12009 963.25647

	data output to file out_plum_eq_5000_01.out at time 0.000000

	   rsize  tdepth   ftree  actmax    nbbtot    nbctot   CPUfc
	   512.0      13   3.044    7163  18133907   2362919   0.004

       |T+U|        T       -U
    372.56137 476.60605 849.16742

	data output to file out_plum_eq_5000_01.out at time 1.000000

	   rsize  tdepth   ftree  actmax    nbbtot    nbctot   CPUfc
	   512.0      13   3.036    7161  18370578   2372495   0.004

       |T+U|        T       -U
    369.63147 379.01685 748.64832

	data output to file out_plum_eq_5000_01.out at time 2.000000

	   rsize  tdepth   ftree  actmax    nbbtot    nbctot   CPUfc
	   512.0      13   3.022    7167  18304531   2402297   0.004

       |T+U|        T       -U
    365.09186 325.35718 690.44904

	data output to file out_plum_eq_5000_01.out at time 3.000000

	   rsize  tdepth   ftree  actmax    nbbtot    nbctot   CPUfc
	   512.0      13   2.978    7248  18081021   2460016   0.004

       |T+U|        T       -U
    361.48816 298.69653 660.18469

	data output to file out_plum_eq_5000_01.out at time 4.000000

	   rsize  tdepth   ftree  actmax    nbbtot    nbctot   CPUfc
	   512.0      14   3.032    7229  18210881   2332841   0.004

       |T+U|        T       -U
    360.02921 292.40366 652.43286

	data output to file out_plum_eq_5000_01.out at time 5.000000

	   rsize  tdepth   ftree  actmax    nbbtot    nbctot   CPUfc
	   512.0      13   3.042    7233  18193316   2233258   0.004

       |T+U|        T       -U
    358.60199 296.40863 655.01062

	data output to file out_plum_eq_5000_01.out at time 6.000000

	   rsize  tdepth   ftree  actmax    nbbtot    nbctot   CPUfc
	   512.0      13   3.070    7205  18228330   2130259   0.004

       |T+U|        T       -U
    355.01254 302.54416 657.55670

	data output to file out_plum_eq_5000_01.out at time 7.000000

	   rsize  tdepth   ftree  actmax    nbbtot    nbctot   CPUfc
	   512.0      14   3.025    7245  18004392   2221068   0.004

       |T+U|        T       -U
    352.00861 308.37366 660.38226

	data output to file out_plum_eq_5000_01.out at time 8.000000

	   rsize  tdepth   ftree  actmax    nbbtot    nbctot   CPUfc
	   512.0      12   3.048    7221  18089220   2127456   0.004

       |T+U|        T       -U
    347.76355 313.84088 661.60443

	data output to file out_plum_eq_5000_01.out at time 9.000000

	   rsize  tdepth   ftree  actmax    nbbtot    nbctot   CPUfc
	   512.0      12   3.061    7185  18025005   2172729   0.004

       |T+U|        T       -U
    341.98669 315.20099 657.18768

	data output to file out_plum_eq_5000_01.out at time 10.000000

	   rsize  tdepth   ftree  actmax    nbbtot    nbctot   CPUfc
	   512.0      13   3.051    7200  18071287   2166969   0.004

       |T+U|        T       -U
    337.15118 310.68890 647.84009

	data output to file out_plum_eq_5000_01.out at time 11.000000

	   rsize  tdepth   ftree  actmax    nbbtot    nbctot   CPUfc
	   512.0      13   3.021    7233  18087676   2180335   0.004

       |T+U|        T       -U
    332.75314 305.97940 638.73254

	data output to file out_plum_eq_5000_01.out at time 12.000000

	   rsize  tdepth   ftree  actmax    nbbtot    nbctot   CPUfc
	   512.0      12   3.069    7203  18070876   2138195   0.004

       |T+U|        T       -U
    329.85089 304.52850 634.37939

	data output to file out_plum_eq_5000_01.out at time 13.000000

	   rsize  tdepth   ftree  actmax    nbbtot    nbctot   CPUfc
	   512.0      13   3.060    7214  18084092   2143387   0.004

       |T+U|        T       -U
    326.60110 302.57132 629.17242

	data output to file out_plum_eq_5000_01.out at time 14.000000

	   rsize  tdepth   ftree  actmax    nbbtot    nbctot   CPUfc
	   512.0      13   3.070    7206  18154718   2089925   0.004

       |T+U|        T       -U
    322.67020 297.72342 620.39362

	data output to file out_plum_eq_5000_01.out at time 15.000000

	   rsize  tdepth   ftree  actmax    nbbtot    nbctot   CPUfc
	   512.0      12   3.045    7210  18056030   2139205   0.004

       |T+U|        T       -U
    319.42508 292.98404 612.40912

	data output to file out_plum_eq_5000_01.out at time 16.000000

	   rsize  tdepth   ftree  actmax    nbbtot    nbctot   CPUfc
	   512.0      13   3.040    7209  18086011   2128277   0.004

       |T+U|        T       -U
    316.42389 289.86816 606.29205

	data output to file out_plum_eq_5000_01.out at time 17.000000

	   rsize  tdepth   ftree  actmax    nbbtot    nbctot   CPUfc
	   512.0      13   3.022    7228  18045530   2171560   0.004

       |T+U|        T       -U
    312.70880 286.73712 599.44592

	data output to file out_plum_eq_5000_01.out at time 18.000000

	   rsize  tdepth   ftree  actmax    nbbtot    nbctot   CPUfc
	   512.0      13   3.025    7235  17964908   2182076   0.004

       |T+U|        T       -U
    310.46774 283.96616 594.43390

	data output to file out_plum_eq_5000_01.out at time 19.000000

	   rsize  tdepth   ftree  actmax    nbbtot    nbctot   CPUfc
	   512.0      12   3.027    7209  18041342   2167508   0.004

       |T+U|        T       -U
    308.46143 281.60846 590.06989

	data output to file out_plum_eq_5000_01.out at time 20.000000

	   rsize  tdepth   ftree  actmax    nbbtot    nbctot   CPUfc
	   512.0      12   3.035    7262  18034427   2138234   0.004

       |T+U|        T       -U
    306.21927 281.01981 587.23907

	data output to file out_plum_eq_5000_01.out at time 21.000000

	   rsize  tdepth   ftree  actmax    nbbtot    nbctot   CPUfc
	   512.0      13   3.054    7196  18062119   2120229   0.004

       |T+U|        T       -U
    304.89682 283.61679 588.51361

	data output to file out_plum_eq_5000_01.out at time 22.000000

	   rsize  tdepth   ftree  actmax    nbbtot    nbctot   CPUfc
	   512.0      12   3.061    7182  18080718   2126188   0.004

       |T+U|        T       -U
    302.19946 286.23901 588.43848

	data output to file out_plum_eq_5000_01.out at time 23.000000

	   rsize  tdepth   ftree  actmax    nbbtot    nbctot   CPUfc
	   512.0      12   3.048    7209  18049212   2127065   0.004

       |T+U|        T       -U
    299.46805 285.79599 585.26404

	data output to file out_plum_eq_5000_01.out at time 24.000000

	   rsize  tdepth   ftree  actmax    nbbtot    nbctot   CPUfc
	   512.0      13   3.034    7240  18066046   2109619   0.004

       |T+U|        T       -U
    297.44110 283.49622 580.93732

	data output to file out_plum_eq_5000_01.out at time 25.000000

	   rsize  tdepth   ftree  actmax    nbbtot    nbctot   CPUfc
	   512.0      14   3.003    7252  17935772   2186310   0.004

       |T+U|        T       -U
    294.49820 280.67563 575.17383

	data output to file out_plum_eq_5000_01.out at time 26.000000

	   rsize  tdepth   ftree  actmax    nbbtot    nbctot   CPUfc
	   512.0      13   3.032    7229  18025891   2144444   0.004

       |T+U|        T       -U
    291.70734 276.63037 568.33771

	data output to file out_plum_eq_5000_01.out at time 27.000000

	   rsize  tdepth   ftree  actmax    nbbtot    nbctot   CPUfc
	   512.0      13   3.056    7223  18133005   2117288   0.004

       |T+U|        T       -U
    288.52756 272.71811 561.24567

	data output to file out_plum_eq_5000_01.out at time 28.000000

	   rsize  tdepth   ftree  actmax    nbbtot    nbctot   CPUfc
	   512.0      12   3.048    7227  18112793   2130801   0.004

       |T+U|        T       -U
    286.07642 270.09076 556.16718

	data output to file out_plum_eq_5000_01.out at time 29.000000

	   rsize  tdepth   ftree  actmax    nbbtot    nbctot   CPUfc
	   512.0      12   3.056    7217  18142652   2118032   0.004

       |T+U|        T       -U
    283.87634 270.05743 553.93378

	data output to file out_plum_eq_5000_01.out at time 30.000000

	   rsize  tdepth   ftree  actmax    nbbtot    nbctot   CPUfc
	   512.0      13   3.062    7222  18109686   2087487   0.004

       |T+U|        T       -U
    283.10791 272.10950 555.21741

	data output to file out_plum_eq_5000_01.out at time 31.000000

	   rsize  tdepth   ftree  actmax    nbbtot    nbctot   CPUfc
	   512.0      13   3.013    7241  17946965   2183122   0.004

       |T+U|        T       -U
    281.21942 275.06348 556.28290

	data output to file out_plum_eq_5000_01.out at time 32.000000

	   rsize  tdepth   ftree  actmax    nbbtot    nbctot   CPUfc
	   512.0      14   3.058    7229  18150511   2081781   0.004

       |T+U|        T       -U
    279.33032 276.70398 556.03430

	data output to file out_plum_eq_5000_01.out at time 33.000000

	   rsize  tdepth   ftree  actmax    nbbtot    nbctot   CPUfc
	   512.0      14   3.027    7202  17918787   2169803   0.004

       |T+U|        T       -U
    277.35654 277.09952 554.45605

	data output to file out_plum_eq_5000_01.out at time 34.000000

	   rsize  tdepth   ftree  actmax    nbbtot    nbctot   CPUfc
	   512.0      13   3.059    7179  18005606   2106139   0.004

       |T+U|        T       -U
    275.38434 275.29553 550.67987

	data output to file out_plum_eq_5000_01.out at time 35.000000

	   rsize  tdepth   ftree  actmax    nbbtot    nbctot   CPUfc
	   512.0      13   3.048    7199  18040134   2125588   0.004

       |T+U|        T       -U
    272.77759 271.06482 543.84241

	data output to file out_plum_eq_5000_01.out at time 36.000000

	   rsize  tdepth   ftree  actmax    nbbtot    nbctot   CPUfc
	   512.0      12   3.032    7220  18009211   2150718   0.004

       |T+U|        T       -U
    270.10638 265.72552 535.83191

	data output to file out_plum_eq_5000_01.out at time 37.000000

	   rsize  tdepth   ftree  actmax    nbbtot    nbctot   CPUfc
	   512.0      13   3.039    7219  17925782   2179459   0.004

       |T+U|        T       -U
    268.44351 260.74496 529.18848

	data output to file out_plum_eq_5000_01.out at time 38.000000

	   rsize  tdepth   ftree  actmax    nbbtot    nbctot   CPUfc
	   512.0      13   3.067    7218  18160285   2077066   0.004

       |T+U|        T       -U
    266.05991 256.75656 522.81647

	data output to file out_plum_eq_5000_01.out at time 39.000000

	   rsize  tdepth   ftree  actmax    nbbtot    nbctot   CPUfc
	   512.0      13   3.063    7205  18106816   2102638   0.004

       |T+U|        T       -U
    264.18344 253.66849 517.85193

	data output to file out_plum_eq_5000_01.out at time 40.000000
